<testsuites id="" name="" tests="70" failures="0" skipped="70" errors="0" time="0.016649">
<testsuite name="epic3/first-aid-integration.e2e.test.ts" timestamp="2025-10-17T11:12:05.099Z" hostname="chromium" tests="14" failures="0" skipped="14" time="0" errors="0">
<testcase name="First Aid Integration - Complete Workflow › 1. First Aid page loads successfully" classname="epic3/first-aid-integration.e2e.test.ts" time="0">
<skipped>
</skipped>
</testcase>
<testcase name="First Aid Integration - Complete Workflow › 2. Scroll position tracked as user scrolls" classname="epic3/first-aid-integration.e2e.test.ts" time="0">
<skipped>
</skipped>
</testcase>
<testcase name="First Aid Integration - Complete Workflow › 3. Related concepts loaded contextually" classname="epic3/first-aid-integration.e2e.test.ts" time="0">
<skipped>
</skipped>
</testcase>
<testcase name="First Aid Integration - Complete Workflow › 4. Cross-references displayed in sidebar" classname="epic3/first-aid-integration.e2e.test.ts" time="0">
<skipped>
</skipped>
</testcase>
<testcase name="First Aid Integration - Complete Workflow › 5. Cache hit on revisit (&lt;5ms)" classname="epic3/first-aid-integration.e2e.test.ts" time="0">
<skipped>
</skipped>
</testcase>
<testcase name="First Aid Integration - Complete Workflow › 6. Click reference navigates correctly" classname="epic3/first-aid-integration.e2e.test.ts" time="0">
<skipped>
</skipped>
</testcase>
<testcase name="First Aid Integration - Complete Workflow › 7. Multiple sections cached independently" classname="epic3/first-aid-integration.e2e.test.ts" time="0">
<skipped>
</skipped>
</testcase>
<testcase name="First Aid Integration - Complete Workflow › 8. Edition update detected by scheduled job" classname="epic3/first-aid-integration.e2e.test.ts" time="0">
<skipped>
</skipped>
</testcase>
<testcase name="First Aid Integration - Complete Workflow › 9. User notified of available edition update" classname="epic3/first-aid-integration.e2e.test.ts" time="0">
<skipped>
</skipped>
</testcase>
<testcase name="First Aid Integration - Complete Workflow › 10. Contextual loading with scroll debounce optimization" classname="epic3/first-aid-integration.e2e.test.ts" time="0">
<skipped>
</skipped>
</testcase>
<testcase name="First Aid Integration - Error Handling › 11. Handles API errors gracefully" classname="epic3/first-aid-integration.e2e.test.ts" time="0">
<skipped>
</skipped>
</testcase>
<testcase name="First Aid Integration - Error Handling › 12. Reload button works after error and recovers" classname="epic3/first-aid-integration.e2e.test.ts" time="0">
<skipped>
</skipped>
</testcase>
<testcase name="First Aid Integration - Performance &amp; Accessibility › 13. First Aid content loads within SLA" classname="epic3/first-aid-integration.e2e.test.ts" time="0">
<skipped>
</skipped>
</testcase>
<testcase name="First Aid Integration - Performance &amp; Accessibility › 14. Cross-references are keyboard navigable" classname="epic3/first-aid-integration.e2e.test.ts" time="0">
<skipped>
</skipped>
</testcase>
</testsuite>
<testsuite name="epic3/first-aid-integration.e2e.test.ts" timestamp="2025-10-17T11:12:05.099Z" hostname="firefox" tests="14" failures="0" skipped="14" time="0" errors="0">
<testcase name="First Aid Integration - Complete Workflow › 1. First Aid page loads successfully" classname="epic3/first-aid-integration.e2e.test.ts" time="0">
<skipped>
</skipped>
</testcase>
<testcase name="First Aid Integration - Complete Workflow › 2. Scroll position tracked as user scrolls" classname="epic3/first-aid-integration.e2e.test.ts" time="0">
<skipped>
</skipped>
</testcase>
<testcase name="First Aid Integration - Complete Workflow › 3. Related concepts loaded contextually" classname="epic3/first-aid-integration.e2e.test.ts" time="0">
<skipped>
</skipped>
</testcase>
<testcase name="First Aid Integration - Complete Workflow › 4. Cross-references displayed in sidebar" classname="epic3/first-aid-integration.e2e.test.ts" time="0">
<skipped>
</skipped>
</testcase>
<testcase name="First Aid Integration - Complete Workflow › 5. Cache hit on revisit (&lt;5ms)" classname="epic3/first-aid-integration.e2e.test.ts" time="0">
<skipped>
</skipped>
</testcase>
<testcase name="First Aid Integration - Complete Workflow › 6. Click reference navigates correctly" classname="epic3/first-aid-integration.e2e.test.ts" time="0">
<skipped>
</skipped>
</testcase>
<testcase name="First Aid Integration - Complete Workflow › 7. Multiple sections cached independently" classname="epic3/first-aid-integration.e2e.test.ts" time="0">
<skipped>
</skipped>
</testcase>
<testcase name="First Aid Integration - Complete Workflow › 8. Edition update detected by scheduled job" classname="epic3/first-aid-integration.e2e.test.ts" time="0">
<skipped>
</skipped>
</testcase>
<testcase name="First Aid Integration - Complete Workflow › 9. User notified of available edition update" classname="epic3/first-aid-integration.e2e.test.ts" time="0">
<skipped>
</skipped>
</testcase>
<testcase name="First Aid Integration - Complete Workflow › 10. Contextual loading with scroll debounce optimization" classname="epic3/first-aid-integration.e2e.test.ts" time="0">
<skipped>
</skipped>
</testcase>
<testcase name="First Aid Integration - Error Handling › 11. Handles API errors gracefully" classname="epic3/first-aid-integration.e2e.test.ts" time="0">
<skipped>
</skipped>
</testcase>
<testcase name="First Aid Integration - Error Handling › 12. Reload button works after error and recovers" classname="epic3/first-aid-integration.e2e.test.ts" time="0">
<skipped>
</skipped>
</testcase>
<testcase name="First Aid Integration - Performance &amp; Accessibility › 13. First Aid content loads within SLA" classname="epic3/first-aid-integration.e2e.test.ts" time="0">
<skipped>
</skipped>
</testcase>
<testcase name="First Aid Integration - Performance &amp; Accessibility › 14. Cross-references are keyboard navigable" classname="epic3/first-aid-integration.e2e.test.ts" time="0">
<skipped>
</skipped>
</testcase>
</testsuite>
<testsuite name="epic3/first-aid-integration.e2e.test.ts" timestamp="2025-10-17T11:12:05.099Z" hostname="webkit" tests="14" failures="0" skipped="14" time="0" errors="0">
<testcase name="First Aid Integration - Complete Workflow › 1. First Aid page loads successfully" classname="epic3/first-aid-integration.e2e.test.ts" time="0">
<skipped>
</skipped>
</testcase>
<testcase name="First Aid Integration - Complete Workflow › 2. Scroll position tracked as user scrolls" classname="epic3/first-aid-integration.e2e.test.ts" time="0">
<skipped>
</skipped>
</testcase>
<testcase name="First Aid Integration - Complete Workflow › 3. Related concepts loaded contextually" classname="epic3/first-aid-integration.e2e.test.ts" time="0">
<skipped>
</skipped>
</testcase>
<testcase name="First Aid Integration - Complete Workflow › 4. Cross-references displayed in sidebar" classname="epic3/first-aid-integration.e2e.test.ts" time="0">
<skipped>
</skipped>
</testcase>
<testcase name="First Aid Integration - Complete Workflow › 5. Cache hit on revisit (&lt;5ms)" classname="epic3/first-aid-integration.e2e.test.ts" time="0">
<skipped>
</skipped>
</testcase>
<testcase name="First Aid Integration - Complete Workflow › 6. Click reference navigates correctly" classname="epic3/first-aid-integration.e2e.test.ts" time="0">
<skipped>
</skipped>
</testcase>
<testcase name="First Aid Integration - Complete Workflow › 7. Multiple sections cached independently" classname="epic3/first-aid-integration.e2e.test.ts" time="0">
<skipped>
</skipped>
</testcase>
<testcase name="First Aid Integration - Complete Workflow › 8. Edition update detected by scheduled job" classname="epic3/first-aid-integration.e2e.test.ts" time="0">
<skipped>
</skipped>
</testcase>
<testcase name="First Aid Integration - Complete Workflow › 9. User notified of available edition update" classname="epic3/first-aid-integration.e2e.test.ts" time="0">
<skipped>
</skipped>
</testcase>
<testcase name="First Aid Integration - Complete Workflow › 10. Contextual loading with scroll debounce optimization" classname="epic3/first-aid-integration.e2e.test.ts" time="0">
<skipped>
</skipped>
</testcase>
<testcase name="First Aid Integration - Error Handling › 11. Handles API errors gracefully" classname="epic3/first-aid-integration.e2e.test.ts" time="0">
<skipped>
</skipped>
</testcase>
<testcase name="First Aid Integration - Error Handling › 12. Reload button works after error and recovers" classname="epic3/first-aid-integration.e2e.test.ts" time="0">
<skipped>
</skipped>
</testcase>
<testcase name="First Aid Integration - Performance &amp; Accessibility › 13. First Aid content loads within SLA" classname="epic3/first-aid-integration.e2e.test.ts" time="0">
<skipped>
</skipped>
</testcase>
<testcase name="First Aid Integration - Performance &amp; Accessibility › 14. Cross-references are keyboard navigable" classname="epic3/first-aid-integration.e2e.test.ts" time="0">
<skipped>
</skipped>
</testcase>
</testsuite>
<testsuite name="epic3/first-aid-integration.e2e.test.ts" timestamp="2025-10-17T11:12:05.099Z" hostname="Mobile Chrome" tests="14" failures="0" skipped="14" time="0" errors="0">
<testcase name="First Aid Integration - Complete Workflow › 1. First Aid page loads successfully" classname="epic3/first-aid-integration.e2e.test.ts" time="0">
<skipped>
</skipped>
</testcase>
<testcase name="First Aid Integration - Complete Workflow › 2. Scroll position tracked as user scrolls" classname="epic3/first-aid-integration.e2e.test.ts" time="0">
<skipped>
</skipped>
</testcase>
<testcase name="First Aid Integration - Complete Workflow › 3. Related concepts loaded contextually" classname="epic3/first-aid-integration.e2e.test.ts" time="0">
<skipped>
</skipped>
</testcase>
<testcase name="First Aid Integration - Complete Workflow › 4. Cross-references displayed in sidebar" classname="epic3/first-aid-integration.e2e.test.ts" time="0">
<skipped>
</skipped>
</testcase>
<testcase name="First Aid Integration - Complete Workflow › 5. Cache hit on revisit (&lt;5ms)" classname="epic3/first-aid-integration.e2e.test.ts" time="0">
<skipped>
</skipped>
</testcase>
<testcase name="First Aid Integration - Complete Workflow › 6. Click reference navigates correctly" classname="epic3/first-aid-integration.e2e.test.ts" time="0">
<skipped>
</skipped>
</testcase>
<testcase name="First Aid Integration - Complete Workflow › 7. Multiple sections cached independently" classname="epic3/first-aid-integration.e2e.test.ts" time="0">
<skipped>
</skipped>
</testcase>
<testcase name="First Aid Integration - Complete Workflow › 8. Edition update detected by scheduled job" classname="epic3/first-aid-integration.e2e.test.ts" time="0">
<skipped>
</skipped>
</testcase>
<testcase name="First Aid Integration - Complete Workflow › 9. User notified of available edition update" classname="epic3/first-aid-integration.e2e.test.ts" time="0">
<skipped>
</skipped>
</testcase>
<testcase name="First Aid Integration - Complete Workflow › 10. Contextual loading with scroll debounce optimization" classname="epic3/first-aid-integration.e2e.test.ts" time="0">
<skipped>
</skipped>
</testcase>
<testcase name="First Aid Integration - Error Handling › 11. Handles API errors gracefully" classname="epic3/first-aid-integration.e2e.test.ts" time="0">
<skipped>
</skipped>
</testcase>
<testcase name="First Aid Integration - Error Handling › 12. Reload button works after error and recovers" classname="epic3/first-aid-integration.e2e.test.ts" time="0">
<skipped>
</skipped>
</testcase>
<testcase name="First Aid Integration - Performance &amp; Accessibility › 13. First Aid content loads within SLA" classname="epic3/first-aid-integration.e2e.test.ts" time="0">
<skipped>
</skipped>
</testcase>
<testcase name="First Aid Integration - Performance &amp; Accessibility › 14. Cross-references are keyboard navigable" classname="epic3/first-aid-integration.e2e.test.ts" time="0">
<skipped>
</skipped>
</testcase>
</testsuite>
<testsuite name="epic3/first-aid-integration.e2e.test.ts" timestamp="2025-10-17T11:12:05.099Z" hostname="Mobile Safari" tests="14" failures="0" skipped="14" time="0" errors="0">
<testcase name="First Aid Integration - Complete Workflow › 1. First Aid page loads successfully" classname="epic3/first-aid-integration.e2e.test.ts" time="0">
<skipped>
</skipped>
</testcase>
<testcase name="First Aid Integration - Complete Workflow › 2. Scroll position tracked as user scrolls" classname="epic3/first-aid-integration.e2e.test.ts" time="0">
<skipped>
</skipped>
</testcase>
<testcase name="First Aid Integration - Complete Workflow › 3. Related concepts loaded contextually" classname="epic3/first-aid-integration.e2e.test.ts" time="0">
<skipped>
</skipped>
</testcase>
<testcase name="First Aid Integration - Complete Workflow › 4. Cross-references displayed in sidebar" classname="epic3/first-aid-integration.e2e.test.ts" time="0">
<skipped>
</skipped>
</testcase>
<testcase name="First Aid Integration - Complete Workflow › 5. Cache hit on revisit (&lt;5ms)" classname="epic3/first-aid-integration.e2e.test.ts" time="0">
<skipped>
</skipped>
</testcase>
<testcase name="First Aid Integration - Complete Workflow › 6. Click reference navigates correctly" classname="epic3/first-aid-integration.e2e.test.ts" time="0">
<skipped>
</skipped>
</testcase>
<testcase name="First Aid Integration - Complete Workflow › 7. Multiple sections cached independently" classname="epic3/first-aid-integration.e2e.test.ts" time="0">
<skipped>
</skipped>
</testcase>
<testcase name="First Aid Integration - Complete Workflow › 8. Edition update detected by scheduled job" classname="epic3/first-aid-integration.e2e.test.ts" time="0">
<skipped>
</skipped>
</testcase>
<testcase name="First Aid Integration - Complete Workflow › 9. User notified of available edition update" classname="epic3/first-aid-integration.e2e.test.ts" time="0">
<skipped>
</skipped>
</testcase>
<testcase name="First Aid Integration - Complete Workflow › 10. Contextual loading with scroll debounce optimization" classname="epic3/first-aid-integration.e2e.test.ts" time="0">
<skipped>
</skipped>
</testcase>
<testcase name="First Aid Integration - Error Handling › 11. Handles API errors gracefully" classname="epic3/first-aid-integration.e2e.test.ts" time="0">
<skipped>
</skipped>
</testcase>
<testcase name="First Aid Integration - Error Handling › 12. Reload button works after error and recovers" classname="epic3/first-aid-integration.e2e.test.ts" time="0">
<skipped>
</skipped>
</testcase>
<testcase name="First Aid Integration - Performance &amp; Accessibility › 13. First Aid content loads within SLA" classname="epic3/first-aid-integration.e2e.test.ts" time="0">
<skipped>
</skipped>
</testcase>
<testcase name="First Aid Integration - Performance &amp; Accessibility › 14. Cross-references are keyboard navigable" classname="epic3/first-aid-integration.e2e.test.ts" time="0">
<skipped>
</skipped>
</testcase>
</testsuite>
</testsuites>